# JRE version: OpenJDK Runtime Environment Temurin-21.0.5+11 (21.0.5+11) (build 21.0.5+11-LTS)
# Java VM: OpenJDK 64-Bit Server VM Temurin-21.0.5+11 (21.0.5+11-LTS, mixed mode, emulated-client, sharing, tiered, compressed oops, compressed class ptrs, g1 gc, windows-amd64)
GC Precious Log:
 CardTable entry size: 512
 Card Set container configuration: InlinePtr #cards 5 size 8 Array Of Cards #cards 12 size 40 Howl #buckets 4 coarsen threshold 1843 Howl Bitmap #cards 512 size 80 coarsen threshold 460 Card regions per heap region 1 cards per card region 2048
 CPUs: 8 total, 8 available
 Memory: 16087M
 Large Page Support: Disabled
 NUMA Support: Disabled
 Compressed Oops: Enabled (32-bit)
 Heap Region Size: 1M
 Heap Min Capacity: 8M
 Heap Initial Capacity: 252M
 Heap Max Capacity: 1G
 Pre-touch: Disabled
 Parallel Workers: 8
 Concurrent Workers: 2
 Concurrent Refinement Workers: 8
 Periodic GC: Disabled
Heap:
 garbage-first heap   total 103424K, used 45220K [0x00000000c0000000, 0x0000000100000000)
  region size 1024K, 1 young (1024K), 0 survivors (0K)
 Metaspace       used 57350K, committed 58176K, reserved 1114112K
  class space    used 7099K, committed 7552K, reserved 1048576K
GC Heap History (20 events):
Event: 138727.882 GC heap after
{Heap after GC invocations=4201 (full 4181):
 garbage-first heap   total 103424K, used 45220K [0x00000000c0000000, 0x0000000100000000)
  region size 1024K, 0 young (0K), 0 survivors (0K)
 Metaspace       used 57350K, committed 58176K, reserved 1114112K
  class space    used 7099K, committed 7552K, reserved 1048576K
}
Event: 138738.440 GC heap before
{Heap before GC invocations=4201 (full 4181):
 garbage-first heap   total 103424K, used 45220K [0x00000000c0000000, 0x0000000100000000)
  region size 1024K, 1 young (1024K), 0 survivors (0K)
 Metaspace       used 57350K, committed 58176K, reserved 1114112K
  class space    used 7099K, committed 7552K, reserved 1048576K
}
Event: 138738.513 GC heap after
{Heap after GC invocations=4202 (full 4182):
 garbage-first heap   total 103424K, used 45220K [0x00000000c0000000, 0x0000000100000000)
  region size 1024K, 0 young (0K), 0 survivors (0K)
 Metaspace       used 57350K, committed 58176K, reserved 1114112K
  class space    used 7099K, committed 7552K, reserved 1048576K
}
Event: 138749.150 GC heap before
{Heap before GC invocations=4202 (full 4182):
 garbage-first heap   total 103424K, used 45220K [0x00000000c0000000, 0x0000000100000000)
  region size 1024K, 1 young (1024K), 0 survivors (0K)
 Metaspace       used 57350K, committed 58176K, reserved 1114112K
  class space    used 7099K, committed 7552K, reserved 1048576K
}
Event: 138749.225 GC heap after
{Heap after GC invocations=4203 (full 4183):
 garbage-first heap   total 103424K, used 45220K [0x00000000c0000000, 0x0000000100000000)
  region size 1024K, 0 young (0K), 0 survivors (0K)
 Metaspace       used 57350K, committed 58176K, reserved 1114112K
  class space    used 7099K, committed 7552K, reserved 1048576K
}
Event: 138759.792 GC heap before
{Heap before GC invocations=4203 (full 4183):
 garbage-first heap   total 103424K, used 45220K [0x00000000c0000000, 0x0000000100000000)
  region size 1024K, 1 young (1024K), 0 survivors (0K)
 Metaspace       used 57350K, committed 58176K, reserved 1114112K
  class space    used 7099K, committed 7552K, reserved 1048576K
}
Event: 138759.854 GC heap after
{Heap after GC invocations=4204 (full 4184):
 garbage-first heap   total 103424K, used 45220K [0x00000000c0000000, 0x0000000100000000)
  region size 1024K, 0 young (0K), 0 survivors (0K)
 Metaspace       used 57350K, committed 58176K, reserved 1114112K
  class space    used 7099K, committed 7552K, reserved 1048576K
}
Event: 138770.404 GC heap before
{Heap before GC invocations=4204 (full 4184):
 garbage-first heap   total 103424K, used 45220K [0x00000000c0000000, 0x0000000100000000)
  region size 1024K, 1 young (1024K), 0 survivors (0K)
 Metaspace       used 57350K, committed 58176K, reserved 1114112K
  class space    used 7099K, committed 7552K, reserved 1048576K
}
Event: 138770.474 GC heap after
{Heap after GC invocations=4205 (full 4185):
 garbage-first heap   total 103424K, used 45220K [0x00000000c0000000, 0x0000000100000000)
  region size 1024K, 0 young (0K), 0 survivors (0K)
 Metaspace       used 57350K, committed 58176K, reserved 1114112K
  class space    used 7099K, committed 7552K, reserved 1048576K
}
Event: 138781.012 GC heap before
{Heap before GC invocations=4205 (full 4185):
 garbage-first heap   total 103424K, used 45220K [0x00000000c0000000, 0x0000000100000000)
  region size 1024K, 1 young (1024K), 0 survivors (0K)
 Metaspace       used 57350K, committed 58176K, reserved 1114112K
  class space    used 7099K, committed 7552K, reserved 1048576K
}
Event: 138781.083 GC heap after
{Heap after GC invocations=4206 (full 4186):
 garbage-first heap   total 103424K, used 45220K [0x00000000c0000000, 0x0000000100000000)
  region size 1024K, 0 young (0K), 0 survivors (0K)
 Metaspace       used 57350K, committed 58176K, reserved 1114112K
  class space    used 7099K, committed 7552K, reserved 1048576K
}
Event: 138791.662 GC heap before
{Heap before GC invocations=4206 (full 4186):
 garbage-first heap   total 103424K, used 45220K [0x00000000c0000000, 0x0000000100000000)
  region size 1024K, 1 young (1024K), 0 survivors (0K)
 Metaspace       used 57350K, committed 58176K, reserved 1114112K
  class space    used 7099K, committed 7552K, reserved 1048576K
}
Event: 138791.726 GC heap after
{Heap after GC invocations=4207 (full 4187):
 garbage-first heap   total 103424K, used 45220K [0x00000000c0000000, 0x0000000100000000)
  region size 1024K, 0 young (0K), 0 survivors (0K)
 Metaspace       used 57350K, committed 58176K, reserved 1114112K
  class space    used 7099K, committed 7552K, reserved 1048576K
}
Event: 138802.329 GC heap before
{Heap before GC invocations=4207 (full 4187):
 garbage-first heap   total 103424K, used 45220K [0x00000000c0000000, 0x0000000100000000)
  region size 1024K, 1 young (1024K), 0 survivors (0K)
 Metaspace       used 57350K, committed 58176K, reserved 1114112K
  class space    used 7099K, committed 7552K, reserved 1048576K
}
Event: 138802.400 GC heap after
{Heap after GC invocations=4208 (full 4188):
 garbage-first heap   total 103424K, used 45220K [0x00000000c0000000, 0x0000000100000000)
  region size 1024K, 0 young (0K), 0 survivors (0K)
 Metaspace       used 57350K, committed 58176K, reserved 1114112K
  class space    used 7099K, committed 7552K, reserved 1048576K
}
Event: 138813.042 GC heap before
{Heap before GC invocations=4208 (full 4188):
 garbage-first heap   total 103424K, used 45220K [0x00000000c0000000, 0x0000000100000000)
  region size 1024K, 1 young (1024K), 0 survivors (0K)
 Metaspace       used 57350K, committed 58176K, reserved 1114112K
  class space    used 7099K, committed 7552K, reserved 1048576K
}
Event: 138813.112 GC heap after
{Heap after GC invocations=4209 (full 4189):
 garbage-first heap   total 103424K, used 45220K [0x00000000c0000000, 0x0000000100000000)
  region size 1024K, 0 young (0K), 0 survivors (0K)
 Metaspace       used 57350K, committed 58176K, reserved 1114112K
  class space    used 7099K, committed 7552K, reserved 1048576K
}
Event: 138823.716 GC heap before
{Heap before GC invocations=4209 (full 4189):
 garbage-first heap   total 103424K, used 45220K [0x00000000c0000000, 0x0000000100000000)
  region size 1024K, 1 young (1024K), 0 survivors (0K)
 Metaspace       used 57350K, committed 58176K, reserved 1114112K
  class space    used 7099K, committed 7552K, reserved 1048576K
}
Event: 138823.786 GC heap after
{Heap after GC invocations=4210 (full 4190):
 garbage-first heap   total 103424K, used 45220K [0x00000000c0000000, 0x0000000100000000)
  region size 1024K, 0 young (0K), 0 survivors (0K)
 Metaspace       used 57350K, committed 58176K, reserved 1114112K
  class space    used 7099K, committed 7552K, reserved 1048576K
}
Event: 138834.251 GC heap before
{Heap before GC invocations=4210 (full 4190):
 garbage-first heap   total 103424K, used 45220K [0x00000000c0000000, 0x0000000100000000)
  region size 1024K, 1 young (1024K), 0 survivors (0K)
 Metaspace       used 57350K, committed 58176K, reserved 1114112K
  class space    used 7099K, committed 7552K, reserved 1048576K
}

