# JRE version: OpenJDK Runtime Environment Temurin-21.0.5+11 (21.0.5+11) (build 21.0.5+11-LTS)
# Java VM: OpenJDK 64-Bit Server VM Temurin-21.0.5+11 (21.0.5+11-LTS, mixed mode, emulated-client, sharing, tiered, compressed oops, compressed class ptrs, g1 gc, windows-amd64)
GC Precious Log:
 CardTable entry size: 512
 Card Set container configuration: InlinePtr #cards 5 size 8 Array Of Cards #cards 12 size 40 Howl #buckets 4 coarsen threshold 1843 Howl Bitmap #cards 512 size 80 coarsen threshold 460 Card regions per heap region 1 cards per card region 2048
 CPUs: 8 total, 8 available
 Memory: 16087M
 Large Page Support: Disabled
 NUMA Support: Disabled
 Compressed Oops: Enabled (32-bit)
 Heap Region Size: 1M
 Heap Min Capacity: 8M
 Heap Initial Capacity: 252M
 Heap Max Capacity: 1G
 Pre-touch: Disabled
 Parallel Workers: 8
 Concurrent Workers: 2
 Concurrent Refinement Workers: 8
 Periodic GC: Disabled
Heap:
 garbage-first heap   total 106496K, used 42968K [0x00000000c0000000, 0x0000000100000000)
  region size 1024K, 1 young (1024K), 0 survivors (0K)
 Metaspace       used 52585K, committed 53824K, reserved 1114112K
  class space    used 6444K, committed 6912K, reserved 1048576K
GC Heap History (20 events):
Event: 19227.129 GC heap after
{Heap after GC invocations=1842 (full 1828):
 garbage-first heap   total 106496K, used 42968K [0x00000000c0000000, 0x0000000100000000)
  region size 1024K, 0 young (0K), 0 survivors (0K)
 Metaspace       used 52585K, committed 53824K, reserved 1114112K
  class space    used 6444K, committed 6912K, reserved 1048576K
}
Event: 19237.535 GC heap before
{Heap before GC invocations=1842 (full 1828):
 garbage-first heap   total 106496K, used 42968K [0x00000000c0000000, 0x0000000100000000)
  region size 1024K, 1 young (1024K), 0 survivors (0K)
 Metaspace       used 52585K, committed 53824K, reserved 1114112K
  class space    used 6444K, committed 6912K, reserved 1048576K
}
Event: 19237.599 GC heap after
{Heap after GC invocations=1843 (full 1829):
 garbage-first heap   total 106496K, used 42968K [0x00000000c0000000, 0x0000000100000000)
  region size 1024K, 0 young (0K), 0 survivors (0K)
 Metaspace       used 52585K, committed 53824K, reserved 1114112K
  class space    used 6444K, committed 6912K, reserved 1048576K
}
Event: 19248.022 GC heap before
{Heap before GC invocations=1843 (full 1829):
 garbage-first heap   total 106496K, used 42968K [0x00000000c0000000, 0x0000000100000000)
  region size 1024K, 1 young (1024K), 0 survivors (0K)
 Metaspace       used 52585K, committed 53824K, reserved 1114112K
  class space    used 6444K, committed 6912K, reserved 1048576K
}
Event: 19248.068 GC heap after
{Heap after GC invocations=1844 (full 1830):
 garbage-first heap   total 106496K, used 42968K [0x00000000c0000000, 0x0000000100000000)
  region size 1024K, 0 young (0K), 0 survivors (0K)
 Metaspace       used 52585K, committed 53824K, reserved 1114112K
  class space    used 6444K, committed 6912K, reserved 1048576K
}
Event: 19258.447 GC heap before
{Heap before GC invocations=1844 (full 1830):
 garbage-first heap   total 106496K, used 42968K [0x00000000c0000000, 0x0000000100000000)
  region size 1024K, 1 young (1024K), 0 survivors (0K)
 Metaspace       used 52585K, committed 53824K, reserved 1114112K
  class space    used 6444K, committed 6912K, reserved 1048576K
}
Event: 19258.515 GC heap after
{Heap after GC invocations=1845 (full 1831):
 garbage-first heap   total 106496K, used 42968K [0x00000000c0000000, 0x0000000100000000)
  region size 1024K, 0 young (0K), 0 survivors (0K)
 Metaspace       used 52585K, committed 53824K, reserved 1114112K
  class space    used 6444K, committed 6912K, reserved 1048576K
}
Event: 19269.023 GC heap before
{Heap before GC invocations=1845 (full 1831):
 garbage-first heap   total 106496K, used 42968K [0x00000000c0000000, 0x0000000100000000)
  region size 1024K, 1 young (1024K), 0 survivors (0K)
 Metaspace       used 52585K, committed 53824K, reserved 1114112K
  class space    used 6444K, committed 6912K, reserved 1048576K
}
Event: 19269.077 GC heap after
{Heap after GC invocations=1846 (full 1832):
 garbage-first heap   total 106496K, used 42968K [0x00000000c0000000, 0x0000000100000000)
  region size 1024K, 0 young (0K), 0 survivors (0K)
 Metaspace       used 52585K, committed 53824K, reserved 1114112K
  class space    used 6444K, committed 6912K, reserved 1048576K
}
Event: 19279.472 GC heap before
{Heap before GC invocations=1846 (full 1832):
 garbage-first heap   total 106496K, used 42968K [0x00000000c0000000, 0x0000000100000000)
  region size 1024K, 1 young (1024K), 0 survivors (0K)
 Metaspace       used 52585K, committed 53824K, reserved 1114112K
  class space    used 6444K, committed 6912K, reserved 1048576K
}
Event: 19279.519 GC heap after
{Heap after GC invocations=1847 (full 1833):
 garbage-first heap   total 106496K, used 42968K [0x00000000c0000000, 0x0000000100000000)
  region size 1024K, 0 young (0K), 0 survivors (0K)
 Metaspace       used 52585K, committed 53824K, reserved 1114112K
  class space    used 6444K, committed 6912K, reserved 1048576K
}
Event: 19289.920 GC heap before
{Heap before GC invocations=1847 (full 1833):
 garbage-first heap   total 106496K, used 42968K [0x00000000c0000000, 0x0000000100000000)
  region size 1024K, 1 young (1024K), 0 survivors (0K)
 Metaspace       used 52585K, committed 53824K, reserved 1114112K
  class space    used 6444K, committed 6912K, reserved 1048576K
}
Event: 19289.970 GC heap after
{Heap after GC invocations=1848 (full 1834):
 garbage-first heap   total 106496K, used 42968K [0x00000000c0000000, 0x0000000100000000)
  region size 1024K, 0 young (0K), 0 survivors (0K)
 Metaspace       used 52585K, committed 53824K, reserved 1114112K
  class space    used 6444K, committed 6912K, reserved 1048576K
}
Event: 19300.403 GC heap before
{Heap before GC invocations=1848 (full 1834):
 garbage-first heap   total 106496K, used 42968K [0x00000000c0000000, 0x0000000100000000)
  region size 1024K, 1 young (1024K), 0 survivors (0K)
 Metaspace       used 52585K, committed 53824K, reserved 1114112K
  class space    used 6444K, committed 6912K, reserved 1048576K
}
Event: 19300.455 GC heap after
{Heap after GC invocations=1849 (full 1835):
 garbage-first heap   total 106496K, used 42968K [0x00000000c0000000, 0x0000000100000000)
  region size 1024K, 0 young (0K), 0 survivors (0K)
 Metaspace       used 52585K, committed 53824K, reserved 1114112K
  class space    used 6444K, committed 6912K, reserved 1048576K
}
Event: 19311.021 GC heap before
{Heap before GC invocations=1849 (full 1835):
 garbage-first heap   total 106496K, used 42968K [0x00000000c0000000, 0x0000000100000000)
  region size 1024K, 1 young (1024K), 0 survivors (0K)
 Metaspace       used 52585K, committed 53824K, reserved 1114112K
  class space    used 6444K, committed 6912K, reserved 1048576K
}
Event: 19311.056 GC heap after
{Heap after GC invocations=1850 (full 1836):
 garbage-first heap   total 106496K, used 42968K [0x00000000c0000000, 0x0000000100000000)
  region size 1024K, 0 young (0K), 0 survivors (0K)
 Metaspace       used 52585K, committed 53824K, reserved 1114112K
  class space    used 6444K, committed 6912K, reserved 1048576K
}
Event: 19321.525 GC heap before
{Heap before GC invocations=1850 (full 1836):
 garbage-first heap   total 106496K, used 42968K [0x00000000c0000000, 0x0000000100000000)
  region size 1024K, 1 young (1024K), 0 survivors (0K)
 Metaspace       used 52585K, committed 53824K, reserved 1114112K
  class space    used 6444K, committed 6912K, reserved 1048576K
}
Event: 19321.576 GC heap after
{Heap after GC invocations=1851 (full 1837):
 garbage-first heap   total 106496K, used 42968K [0x00000000c0000000, 0x0000000100000000)
  region size 1024K, 0 young (0K), 0 survivors (0K)
 Metaspace       used 52585K, committed 53824K, reserved 1114112K
  class space    used 6444K, committed 6912K, reserved 1048576K
}
Event: 19332.003 GC heap before
{Heap before GC invocations=1851 (full 1837):
 garbage-first heap   total 106496K, used 42968K [0x00000000c0000000, 0x0000000100000000)
  region size 1024K, 1 young (1024K), 0 survivors (0K)
 Metaspace       used 52585K, committed 53824K, reserved 1114112K
  class space    used 6444K, committed 6912K, reserved 1048576K
}

