# JRE version: OpenJDK Runtime Environment Temurin-21.0.5+11 (21.0.5+11) (build 21.0.5+11-LTS)
# Java VM: OpenJDK 64-Bit Server VM Temurin-21.0.5+11 (21.0.5+11-LTS, mixed mode, emulated-client, sharing, tiered, compressed oops, compressed class ptrs, g1 gc, windows-amd64)
GC Precious Log:
 CardTable entry size: 512
 Card Set container configuration: InlinePtr #cards 5 size 8 Array Of Cards #cards 12 size 40 Howl #buckets 4 coarsen threshold 1843 Howl Bitmap #cards 512 size 80 coarsen threshold 460 Card regions per heap region 1 cards per card region 2048
 CPUs: 8 total, 8 available
 Memory: 16087M
 Large Page Support: Disabled
 NUMA Support: Disabled
 Compressed Oops: Enabled (32-bit)
 Heap Region Size: 1M
 Heap Min Capacity: 8M
 Heap Initial Capacity: 252M
 Heap Max Capacity: 1G
 Pre-touch: Disabled
 Parallel Workers: 8
 Concurrent Workers: 2
 Concurrent Refinement Workers: 8
 Periodic GC: Disabled
Heap:
 garbage-first heap   total 112640K, used 47139K [0x00000000c0000000, 0x0000000100000000)
  region size 1024K, 1 young (1024K), 0 survivors (0K)
 Metaspace       used 58537K, committed 59264K, reserved 1114112K
  class space    used 7318K, committed 7616K, reserved 1048576K
GC Heap History (20 events):
Event: 7483.406 GC heap after
{Heap after GC invocations=650 (full 601):
 garbage-first heap   total 112640K, used 47139K [0x00000000c0000000, 0x0000000100000000)
  region size 1024K, 0 young (0K), 0 survivors (0K)
 Metaspace       used 58537K, committed 59264K, reserved 1114112K
  class space    used 7318K, committed 7616K, reserved 1048576K
}
Event: 7493.953 GC heap before
{Heap before GC invocations=650 (full 601):
 garbage-first heap   total 112640K, used 47139K [0x00000000c0000000, 0x0000000100000000)
  region size 1024K, 1 young (1024K), 0 survivors (0K)
 Metaspace       used 58537K, committed 59264K, reserved 1114112K
  class space    used 7318K, committed 7616K, reserved 1048576K
}
Event: 7494.024 GC heap after
{Heap after GC invocations=651 (full 602):
 garbage-first heap   total 112640K, used 47139K [0x00000000c0000000, 0x0000000100000000)
  region size 1024K, 0 young (0K), 0 survivors (0K)
 Metaspace       used 58537K, committed 59264K, reserved 1114112K
  class space    used 7318K, committed 7616K, reserved 1048576K
}
Event: 7505.686 GC heap before
{Heap before GC invocations=651 (full 602):
 garbage-first heap   total 112640K, used 47139K [0x00000000c0000000, 0x0000000100000000)
  region size 1024K, 1 young (1024K), 0 survivors (0K)
 Metaspace       used 58537K, committed 59264K, reserved 1114112K
  class space    used 7318K, committed 7616K, reserved 1048576K
}
Event: 7505.800 GC heap after
{Heap after GC invocations=652 (full 603):
 garbage-first heap   total 112640K, used 47139K [0x00000000c0000000, 0x0000000100000000)
  region size 1024K, 0 young (0K), 0 survivors (0K)
 Metaspace       used 58537K, committed 59264K, reserved 1114112K
  class space    used 7318K, committed 7616K, reserved 1048576K
}
Event: 7516.422 GC heap before
{Heap before GC invocations=652 (full 603):
 garbage-first heap   total 112640K, used 47139K [0x00000000c0000000, 0x0000000100000000)
  region size 1024K, 1 young (1024K), 0 survivors (0K)
 Metaspace       used 58537K, committed 59264K, reserved 1114112K
  class space    used 7318K, committed 7616K, reserved 1048576K
}
Event: 7516.505 GC heap after
{Heap after GC invocations=653 (full 604):
 garbage-first heap   total 112640K, used 47139K [0x00000000c0000000, 0x0000000100000000)
  region size 1024K, 0 young (0K), 0 survivors (0K)
 Metaspace       used 58537K, committed 59264K, reserved 1114112K
  class space    used 7318K, committed 7616K, reserved 1048576K
}
Event: 7527.077 GC heap before
{Heap before GC invocations=653 (full 604):
 garbage-first heap   total 112640K, used 47139K [0x00000000c0000000, 0x0000000100000000)
  region size 1024K, 1 young (1024K), 0 survivors (0K)
 Metaspace       used 58537K, committed 59264K, reserved 1114112K
  class space    used 7318K, committed 7616K, reserved 1048576K
}
Event: 7527.166 GC heap after
{Heap after GC invocations=654 (full 605):
 garbage-first heap   total 112640K, used 47139K [0x00000000c0000000, 0x0000000100000000)
  region size 1024K, 0 young (0K), 0 survivors (0K)
 Metaspace       used 58537K, committed 59264K, reserved 1114112K
  class space    used 7318K, committed 7616K, reserved 1048576K
}
Event: 7537.709 GC heap before
{Heap before GC invocations=654 (full 605):
 garbage-first heap   total 112640K, used 47139K [0x00000000c0000000, 0x0000000100000000)
  region size 1024K, 1 young (1024K), 0 survivors (0K)
 Metaspace       used 58537K, committed 59264K, reserved 1114112K
  class space    used 7318K, committed 7616K, reserved 1048576K
}
Event: 7537.795 GC heap after
{Heap after GC invocations=655 (full 606):
 garbage-first heap   total 112640K, used 47139K [0x00000000c0000000, 0x0000000100000000)
  region size 1024K, 0 young (0K), 0 survivors (0K)
 Metaspace       used 58537K, committed 59264K, reserved 1114112K
  class space    used 7318K, committed 7616K, reserved 1048576K
}
Event: 7548.307 GC heap before
{Heap before GC invocations=655 (full 606):
 garbage-first heap   total 112640K, used 47139K [0x00000000c0000000, 0x0000000100000000)
  region size 1024K, 1 young (1024K), 0 survivors (0K)
 Metaspace       used 58537K, committed 59264K, reserved 1114112K
  class space    used 7318K, committed 7616K, reserved 1048576K
}
Event: 7548.403 GC heap after
{Heap after GC invocations=656 (full 607):
 garbage-first heap   total 112640K, used 47139K [0x00000000c0000000, 0x0000000100000000)
  region size 1024K, 0 young (0K), 0 survivors (0K)
 Metaspace       used 58537K, committed 59264K, reserved 1114112K
  class space    used 7318K, committed 7616K, reserved 1048576K
}
Event: 7559.003 GC heap before
{Heap before GC invocations=656 (full 607):
 garbage-first heap   total 112640K, used 47139K [0x00000000c0000000, 0x0000000100000000)
  region size 1024K, 1 young (1024K), 0 survivors (0K)
 Metaspace       used 58537K, committed 59264K, reserved 1114112K
  class space    used 7318K, committed 7616K, reserved 1048576K
}
Event: 7559.098 GC heap after
{Heap after GC invocations=657 (full 608):
 garbage-first heap   total 112640K, used 47139K [0x00000000c0000000, 0x0000000100000000)
  region size 1024K, 0 young (0K), 0 survivors (0K)
 Metaspace       used 58537K, committed 59264K, reserved 1114112K
  class space    used 7318K, committed 7616K, reserved 1048576K
}
Event: 7569.658 GC heap before
{Heap before GC invocations=657 (full 608):
 garbage-first heap   total 112640K, used 47139K [0x00000000c0000000, 0x0000000100000000)
  region size 1024K, 1 young (1024K), 0 survivors (0K)
 Metaspace       used 58537K, committed 59264K, reserved 1114112K
  class space    used 7318K, committed 7616K, reserved 1048576K
}
Event: 7569.741 GC heap after
{Heap after GC invocations=658 (full 609):
 garbage-first heap   total 112640K, used 47139K [0x00000000c0000000, 0x0000000100000000)
  region size 1024K, 0 young (0K), 0 survivors (0K)
 Metaspace       used 58537K, committed 59264K, reserved 1114112K
  class space    used 7318K, committed 7616K, reserved 1048576K
}
Event: 7580.311 GC heap before
{Heap before GC invocations=658 (full 609):
 garbage-first heap   total 112640K, used 47139K [0x00000000c0000000, 0x0000000100000000)
  region size 1024K, 1 young (1024K), 0 survivors (0K)
 Metaspace       used 58537K, committed 59264K, reserved 1114112K
  class space    used 7318K, committed 7616K, reserved 1048576K
}
Event: 7580.391 GC heap after
{Heap after GC invocations=659 (full 610):
 garbage-first heap   total 112640K, used 47139K [0x00000000c0000000, 0x0000000100000000)
  region size 1024K, 0 young (0K), 0 survivors (0K)
 Metaspace       used 58537K, committed 59264K, reserved 1114112K
  class space    used 7318K, committed 7616K, reserved 1048576K
}
Event: 7591.120 GC heap before
{Heap before GC invocations=659 (full 610):
 garbage-first heap   total 112640K, used 47139K [0x00000000c0000000, 0x0000000100000000)
  region size 1024K, 1 young (1024K), 0 survivors (0K)
 Metaspace       used 58537K, committed 59264K, reserved 1114112K
  class space    used 7318K, committed 7616K, reserved 1048576K
}

