# JRE version: OpenJDK Runtime Environment Temurin-21.0.5+11 (21.0.5+11) (build 21.0.5+11-LTS)
# Java VM: OpenJDK 64-Bit Server VM Temurin-21.0.5+11 (21.0.5+11-LTS, mixed mode, emulated-client, sharing, tiered, compressed oops, compressed class ptrs, g1 gc, windows-amd64)
GC Precious Log:
 CardTable entry size: 512
 Card Set container configuration: InlinePtr #cards 5 size 8 Array Of Cards #cards 12 size 40 Howl #buckets 4 coarsen threshold 1843 Howl Bitmap #cards 512 size 80 coarsen threshold 460 Card regions per heap region 1 cards per card region 2048
 CPUs: 8 total, 8 available
 Memory: 16087M
 Large Page Support: Disabled
 NUMA Support: Disabled
 Compressed Oops: Enabled (32-bit)
 Heap Region Size: 1M
 Heap Min Capacity: 8M
 Heap Initial Capacity: 252M
 Heap Max Capacity: 1G
 Pre-touch: Disabled
 Parallel Workers: 8
 Concurrent Workers: 2
 Concurrent Refinement Workers: 8
 Periodic GC: Disabled
Heap:
 garbage-first heap   total 92160K, used 39896K [0x00000000c0000000, 0x0000000100000000)
  region size 1024K, 1 young (1024K), 0 survivors (0K)
 Metaspace       used 45510K, committed 46720K, reserved 1114112K
  class space    used 5525K, committed 6016K, reserved 1048576K
GC Heap History (20 events):
Event: 8255.652 GC heap after
{Heap after GC invocations=780 (full 769):
 garbage-first heap   total 92160K, used 39896K [0x00000000c0000000, 0x0000000100000000)
  region size 1024K, 0 young (0K), 0 survivors (0K)
 Metaspace       used 45510K, committed 46720K, reserved 1114112K
  class space    used 5525K, committed 6016K, reserved 1048576K
}
Event: 8266.252 GC heap before
{Heap before GC invocations=780 (full 769):
 garbage-first heap   total 92160K, used 39896K [0x00000000c0000000, 0x0000000100000000)
  region size 1024K, 1 young (1024K), 0 survivors (0K)
 Metaspace       used 45510K, committed 46720K, reserved 1114112K
  class space    used 5525K, committed 6016K, reserved 1048576K
}
Event: 8266.280 GC heap after
{Heap after GC invocations=781 (full 770):
 garbage-first heap   total 92160K, used 39896K [0x00000000c0000000, 0x0000000100000000)
  region size 1024K, 0 young (0K), 0 survivors (0K)
 Metaspace       used 45510K, committed 46720K, reserved 1114112K
  class space    used 5525K, committed 6016K, reserved 1048576K
}
Event: 8276.848 GC heap before
{Heap before GC invocations=781 (full 770):
 garbage-first heap   total 92160K, used 39896K [0x00000000c0000000, 0x0000000100000000)
  region size 1024K, 1 young (1024K), 0 survivors (0K)
 Metaspace       used 45510K, committed 46720K, reserved 1114112K
  class space    used 5525K, committed 6016K, reserved 1048576K
}
Event: 8276.890 GC heap after
{Heap after GC invocations=782 (full 771):
 garbage-first heap   total 92160K, used 39896K [0x00000000c0000000, 0x0000000100000000)
  region size 1024K, 0 young (0K), 0 survivors (0K)
 Metaspace       used 45510K, committed 46720K, reserved 1114112K
  class space    used 5525K, committed 6016K, reserved 1048576K
}
Event: 8287.420 GC heap before
{Heap before GC invocations=782 (full 771):
 garbage-first heap   total 92160K, used 39896K [0x00000000c0000000, 0x0000000100000000)
  region size 1024K, 1 young (1024K), 0 survivors (0K)
 Metaspace       used 45510K, committed 46720K, reserved 1114112K
  class space    used 5525K, committed 6016K, reserved 1048576K
}
Event: 8287.444 GC heap after
{Heap after GC invocations=783 (full 772):
 garbage-first heap   total 92160K, used 39896K [0x00000000c0000000, 0x0000000100000000)
  region size 1024K, 0 young (0K), 0 survivors (0K)
 Metaspace       used 45510K, committed 46720K, reserved 1114112K
  class space    used 5525K, committed 6016K, reserved 1048576K
}
Event: 8297.986 GC heap before
{Heap before GC invocations=783 (full 772):
 garbage-first heap   total 92160K, used 39896K [0x00000000c0000000, 0x0000000100000000)
  region size 1024K, 1 young (1024K), 0 survivors (0K)
 Metaspace       used 45510K, committed 46720K, reserved 1114112K
  class space    used 5525K, committed 6016K, reserved 1048576K
}
Event: 8298.012 GC heap after
{Heap after GC invocations=784 (full 773):
 garbage-first heap   total 92160K, used 39896K [0x00000000c0000000, 0x0000000100000000)
  region size 1024K, 0 young (0K), 0 survivors (0K)
 Metaspace       used 45510K, committed 46720K, reserved 1114112K
  class space    used 5525K, committed 6016K, reserved 1048576K
}
Event: 8308.560 GC heap before
{Heap before GC invocations=784 (full 773):
 garbage-first heap   total 92160K, used 39896K [0x00000000c0000000, 0x0000000100000000)
  region size 1024K, 1 young (1024K), 0 survivors (0K)
 Metaspace       used 45510K, committed 46720K, reserved 1114112K
  class space    used 5525K, committed 6016K, reserved 1048576K
}
Event: 8308.585 GC heap after
{Heap after GC invocations=785 (full 774):
 garbage-first heap   total 92160K, used 39896K [0x00000000c0000000, 0x0000000100000000)
  region size 1024K, 0 young (0K), 0 survivors (0K)
 Metaspace       used 45510K, committed 46720K, reserved 1114112K
  class space    used 5525K, committed 6016K, reserved 1048576K
}
Event: 8319.173 GC heap before
{Heap before GC invocations=785 (full 774):
 garbage-first heap   total 92160K, used 39896K [0x00000000c0000000, 0x0000000100000000)
  region size 1024K, 1 young (1024K), 0 survivors (0K)
 Metaspace       used 45510K, committed 46720K, reserved 1114112K
  class space    used 5525K, committed 6016K, reserved 1048576K
}
Event: 8319.199 GC heap after
{Heap after GC invocations=786 (full 775):
 garbage-first heap   total 92160K, used 39896K [0x00000000c0000000, 0x0000000100000000)
  region size 1024K, 0 young (0K), 0 survivors (0K)
 Metaspace       used 45510K, committed 46720K, reserved 1114112K
  class space    used 5525K, committed 6016K, reserved 1048576K
}
Event: 8329.720 GC heap before
{Heap before GC invocations=786 (full 775):
 garbage-first heap   total 92160K, used 39896K [0x00000000c0000000, 0x0000000100000000)
  region size 1024K, 1 young (1024K), 0 survivors (0K)
 Metaspace       used 45510K, committed 46720K, reserved 1114112K
  class space    used 5525K, committed 6016K, reserved 1048576K
}
Event: 8329.753 GC heap after
{Heap after GC invocations=787 (full 776):
 garbage-first heap   total 92160K, used 39896K [0x00000000c0000000, 0x0000000100000000)
  region size 1024K, 0 young (0K), 0 survivors (0K)
 Metaspace       used 45510K, committed 46720K, reserved 1114112K
  class space    used 5525K, committed 6016K, reserved 1048576K
}
Event: 8340.303 GC heap before
{Heap before GC invocations=787 (full 776):
 garbage-first heap   total 92160K, used 39896K [0x00000000c0000000, 0x0000000100000000)
  region size 1024K, 1 young (1024K), 0 survivors (0K)
 Metaspace       used 45510K, committed 46720K, reserved 1114112K
  class space    used 5525K, committed 6016K, reserved 1048576K
}
Event: 8340.340 GC heap after
{Heap after GC invocations=788 (full 777):
 garbage-first heap   total 92160K, used 39896K [0x00000000c0000000, 0x0000000100000000)
  region size 1024K, 0 young (0K), 0 survivors (0K)
 Metaspace       used 45510K, committed 46720K, reserved 1114112K
  class space    used 5525K, committed 6016K, reserved 1048576K
}
Event: 8351.214 GC heap before
{Heap before GC invocations=788 (full 777):
 garbage-first heap   total 92160K, used 39896K [0x00000000c0000000, 0x0000000100000000)
  region size 1024K, 1 young (1024K), 0 survivors (0K)
 Metaspace       used 45510K, committed 46720K, reserved 1114112K
  class space    used 5525K, committed 6016K, reserved 1048576K
}
Event: 8351.270 GC heap after
{Heap after GC invocations=789 (full 778):
 garbage-first heap   total 92160K, used 39896K [0x00000000c0000000, 0x0000000100000000)
  region size 1024K, 0 young (0K), 0 survivors (0K)
 Metaspace       used 45510K, committed 46720K, reserved 1114112K
  class space    used 5525K, committed 6016K, reserved 1048576K
}
Event: 8361.819 GC heap before
{Heap before GC invocations=789 (full 778):
 garbage-first heap   total 92160K, used 39896K [0x00000000c0000000, 0x0000000100000000)
  region size 1024K, 1 young (1024K), 0 survivors (0K)
 Metaspace       used 45510K, committed 46720K, reserved 1114112K
  class space    used 5525K, committed 6016K, reserved 1048576K
}

